%!Adobe-FontList 1.23
%Locale:0x409

%BeginFont
Handler:DirectoryHandler
FontType:Invalid
OutlineFileName:/Users/mary/Desktop/GWDS 21_22/GWDS 21_22 SEMESTER 2/WORKSHEET INDESIGN FILES/BOOTSTRAP GETTING STARTED WORKSHEET/BOOTSTRAP5GETTING STARTED WORKSHEET Folder/Document fonts/AdobeFnt23.lst
FileLength:919
FileModTime:668427162
%EndFont

%BeginFont
Handler:DirectoryHandler
FontType:TrueType
FontName:Courier
FamilyName:Courier
StyleName:Regular
MenuName:Courier
StyleBits:0
WeightClass:400
WidthClass:5
AngleClass:0
FullName:Courier
WritingScript:Roman
OutlineFileName:/Users/mary/Desktop/GWDS 21_22/GWDS 21_22 SEMESTER 2/WORKSHEET INDESIGN FILES/BOOTSTRAP GETTING STARTED WORKSHEET/BOOTSTRAP5GETTING STARTED WORKSHEET Folder/Document fonts/Courier.dfont
DataFormat:sfntResource
ResourceID:24011
hasSVG:no
VariableFontType:NonVariableFont
FileLength:1649525
FileModTime:668427084
NameArray:0,Mac,4,Courier
%EndFont

